<?xml version="1.0" encoding="UTF-8"?>
<!-- Generated by org.testng.reporters.JUnitReportReporter -->
<testsuite name="TestDemo" tests="1" time="324.535" ignored="0" failures="0" timestamp="19 十二月 2018 10:42:59 GMT" skipped="0" hostname="DESKTOP-41M2R7F" errors="0">
  <testcase name="testTest" time="324.535" classname="TestDemo"/>
</testsuite> <!-- TestDemo -->
